# JRE version: Java(TM) SE Runtime Environment (17.0.12+8) (build 17.0.12+8-LTS-286)
# Java VM: Java HotSpot(TM) 64-Bit Server VM (17.0.12+8-LTS-286, mixed mode, sharing, tiered, compressed oops, compressed class ptrs, g1 gc, windows-amd64)
GC Precious Log:
 CPUs: 12 total, 12 available
 Memory: 7520M
 Large Page Support: Disabled
 NUMA Support: Disabled
 Compressed Oops: Enabled (32-bit)
 Heap Region Size: 1M
 Heap Min Capacity: 8M
 Heap Initial Capacity: 118M
 Heap Max Capacity: 2G
 Pre-touch: Disabled
 Parallel Workers: 10
 Concurrent Workers: 3
 Concurrent Refinement Workers: 10
 Periodic GC: Disabled
Heap:
 garbage-first heap   total 147456K, used 111694K [0x0000000080000000, 0x0000000100000000)
  region size 1024K, 5 young (5120K), 1 survivors (1024K)
 Metaspace       used 83671K, committed 84608K, reserved 557056K
  class space    used 11469K, committed 11904K, reserved 425984K
GC Heap History (20 events):
Event: 82.736 GC heap before
{Heap before GC invocations=45 (full 0):
 garbage-first heap   total 122880K, used 101533K [0x0000000080000000, 0x0000000100000000)
  region size 1024K, 14 young (14336K), 2 survivors (2048K)
 Metaspace       used 79561K, committed 80512K, reserved 557056K
  class space    used 11008K, committed 11456K, reserved 425984K
}
Event: 82.739 GC heap after
{Heap after GC invocations=46 (full 0):
 garbage-first heap   total 122880K, used 91151K [0x0000000080000000, 0x0000000100000000)
  region size 1024K, 2 young (2048K), 2 survivors (2048K)
 Metaspace       used 79561K, committed 80512K, reserved 557056K
  class space    used 11008K, committed 11456K, reserved 425984K
}
Event: 82.896 GC heap before
{Heap before GC invocations=46 (full 0):
 garbage-first heap   total 122880K, used 103439K [0x0000000080000000, 0x0000000100000000)
  region size 1024K, 14 young (14336K), 2 survivors (2048K)
 Metaspace       used 79564K, committed 80512K, reserved 557056K
  class space    used 11008K, committed 11456K, reserved 425984K
}
Event: 82.898 GC heap after
{Heap after GC invocations=47 (full 0):
 garbage-first heap   total 122880K, used 91954K [0x0000000080000000, 0x0000000100000000)
  region size 1024K, 2 young (2048K), 2 survivors (2048K)
 Metaspace       used 79564K, committed 80512K, reserved 557056K
  class space    used 11008K, committed 11456K, reserved 425984K
}
Event: 83.007 GC heap before
{Heap before GC invocations=47 (full 0):
 garbage-first heap   total 122880K, used 104242K [0x0000000080000000, 0x0000000100000000)
  region size 1024K, 14 young (14336K), 2 survivors (2048K)
 Metaspace       used 79566K, committed 80512K, reserved 557056K
  class space    used 11008K, committed 11456K, reserved 425984K
}
Event: 83.011 GC heap after
{Heap after GC invocations=48 (full 0):
 garbage-first heap   total 122880K, used 92682K [0x0000000080000000, 0x0000000100000000)
  region size 1024K, 2 young (2048K), 2 survivors (2048K)
 Metaspace       used 79566K, committed 80512K, reserved 557056K
  class space    used 11008K, committed 11456K, reserved 425984K
}
Event: 83.079 GC heap before
{Heap before GC invocations=48 (full 0):
 garbage-first heap   total 122880K, used 103946K [0x0000000080000000, 0x0000000100000000)
  region size 1024K, 13 young (13312K), 2 survivors (2048K)
 Metaspace       used 79569K, committed 80512K, reserved 557056K
  class space    used 11008K, committed 11456K, reserved 425984K
}
Event: 83.082 GC heap after
{Heap after GC invocations=49 (full 0):
 garbage-first heap   total 147456K, used 93420K [0x0000000080000000, 0x0000000100000000)
  region size 1024K, 2 young (2048K), 2 survivors (2048K)
 Metaspace       used 79569K, committed 80512K, reserved 557056K
  class space    used 11008K, committed 11456K, reserved 425984K
}
Event: 83.249 GC heap before
{Heap before GC invocations=49 (full 0):
 garbage-first heap   total 147456K, used 121068K [0x0000000080000000, 0x0000000100000000)
  region size 1024K, 30 young (30720K), 2 survivors (2048K)
 Metaspace       used 79570K, committed 80512K, reserved 557056K
  class space    used 11008K, committed 11456K, reserved 425984K
}
Event: 83.252 GC heap after
{Heap after GC invocations=50 (full 0):
 garbage-first heap   total 147456K, used 94482K [0x0000000080000000, 0x0000000100000000)
  region size 1024K, 4 young (4096K), 4 survivors (4096K)
 Metaspace       used 79570K, committed 80512K, reserved 557056K
  class space    used 11008K, committed 11456K, reserved 425984K
}
Event: 83.436 GC heap before
{Heap before GC invocations=50 (full 0):
 garbage-first heap   total 147456K, used 121106K [0x0000000080000000, 0x0000000100000000)
  region size 1024K, 31 young (31744K), 4 survivors (4096K)
 Metaspace       used 79572K, committed 80512K, reserved 557056K
  class space    used 11008K, committed 11456K, reserved 425984K
}
Event: 83.440 GC heap after
{Heap after GC invocations=51 (full 0):
 garbage-first heap   total 147456K, used 95080K [0x0000000080000000, 0x0000000100000000)
  region size 1024K, 3 young (3072K), 3 survivors (3072K)
 Metaspace       used 79572K, committed 80512K, reserved 557056K
  class space    used 11008K, committed 11456K, reserved 425984K
}
Event: 84.037 GC heap before
{Heap before GC invocations=51 (full 0):
 garbage-first heap   total 147456K, used 122728K [0x0000000080000000, 0x0000000100000000)
  region size 1024K, 31 young (31744K), 3 survivors (3072K)
 Metaspace       used 79582K, committed 80512K, reserved 557056K
  class space    used 11008K, committed 11456K, reserved 425984K
}
Event: 84.040 GC heap after
{Heap after GC invocations=52 (full 0):
 garbage-first heap   total 147456K, used 95722K [0x0000000080000000, 0x0000000100000000)
  region size 1024K, 3 young (3072K), 3 survivors (3072K)
 Metaspace       used 79582K, committed 80512K, reserved 557056K
  class space    used 11008K, committed 11456K, reserved 425984K
}
Event: 85.046 GC heap before
{Heap before GC invocations=52 (full 0):
 garbage-first heap   total 147456K, used 129514K [0x0000000080000000, 0x0000000100000000)
  region size 1024K, 30 young (30720K), 3 survivors (3072K)
 Metaspace       used 80695K, committed 81600K, reserved 557056K
  class space    used 11151K, committed 11584K, reserved 425984K
}
Event: 85.050 GC heap after
{Heap after GC invocations=53 (full 0):
 garbage-first heap   total 147456K, used 107797K [0x0000000080000000, 0x0000000100000000)
  region size 1024K, 4 young (4096K), 4 survivors (4096K)
 Metaspace       used 80695K, committed 81600K, reserved 557056K
  class space    used 11151K, committed 11584K, reserved 425984K
}
Event: 85.830 GC heap before
{Heap before GC invocations=53 (full 0):
 garbage-first heap   total 147456K, used 123157K [0x0000000080000000, 0x0000000100000000)
  region size 1024K, 20 young (20480K), 4 survivors (4096K)
 Metaspace       used 81878K, committed 82880K, reserved 557056K
  class space    used 11287K, committed 11776K, reserved 425984K
}
Event: 85.832 GC heap after
{Heap after GC invocations=54 (full 0):
 garbage-first heap   total 147456K, used 108460K [0x0000000080000000, 0x0000000100000000)
  region size 1024K, 1 young (1024K), 1 survivors (1024K)
 Metaspace       used 81878K, committed 82880K, reserved 557056K
  class space    used 11287K, committed 11776K, reserved 425984K
}
Event: 86.143 GC heap before
{Heap before GC invocations=54 (full 0):
 garbage-first heap   total 147456K, used 123820K [0x0000000080000000, 0x0000000100000000)
  region size 1024K, 17 young (17408K), 1 survivors (1024K)
 Metaspace       used 83347K, committed 84288K, reserved 557056K
  class space    used 11426K, committed 11904K, reserved 425984K
}
Event: 86.145 GC heap after
{Heap after GC invocations=55 (full 0):
 garbage-first heap   total 147456K, used 108622K [0x0000000080000000, 0x0000000100000000)
  region size 1024K, 1 young (1024K), 1 survivors (1024K)
 Metaspace       used 83347K, committed 84288K, reserved 557056K
  class space    used 11426K, committed 11904K, reserved 425984K
}

