# JRE version: Java(TM) SE Runtime Environment (17.0.12+8) (build 17.0.12+8-LTS-286)
# Java VM: Java HotSpot(TM) 64-Bit Server VM (17.0.12+8-LTS-286, mixed mode, sharing, tiered, compressed oops, compressed class ptrs, g1 gc, windows-amd64)
GC Precious Log:
 CPUs: 12 total, 12 available
 Memory: 7520M
 Large Page Support: Disabled
 NUMA Support: Disabled
 Compressed Oops: Enabled (32-bit)
 Heap Region Size: 1M
 Heap Min Capacity: 8M
 Heap Initial Capacity: 118M
 Heap Max Capacity: 2G
 Pre-touch: Disabled
 Parallel Workers: 10
 Concurrent Workers: 3
 Concurrent Refinement Workers: 10
 Periodic GC: Disabled
Heap:
 garbage-first heap   total 107520K, used 37939K [0x0000000080000000, 0x0000000100000000)
  region size 1024K, 7 young (7168K), 6 survivors (6144K)
 Metaspace       used 40307K, committed 40896K, reserved 491520K
  class space    used 5609K, committed 5888K, reserved 425984K
GC Heap History (18 events):
Event: 3.823 GC heap before
{Heap before GC invocations=0 (full 0):
 garbage-first heap   total 120832K, used 23552K [0x0000000080000000, 0x0000000100000000)
  region size 1024K, 23 young (23552K), 0 survivors (0K)
 Metaspace       used 1041K, committed 1152K, reserved 491520K
  class space    used 73K, committed 128K, reserved 425984K
}
Event: 3.934 GC heap after
{Heap after GC invocations=1 (full 0):
 garbage-first heap   total 120832K, used 1984K [0x0000000080000000, 0x0000000100000000)
  region size 1024K, 2 young (2048K), 2 survivors (2048K)
 Metaspace       used 1041K, committed 1152K, reserved 491520K
  class space    used 73K, committed 128K, reserved 425984K
}
Event: 10.489 GC heap before
{Heap before GC invocations=1 (full 0):
 garbage-first heap   total 120832K, used 35776K [0x0000000080000000, 0x0000000100000000)
  region size 1024K, 33 young (33792K), 2 survivors (2048K)
 Metaspace       used 4362K, committed 4544K, reserved 491520K
  class space    used 547K, committed 640K, reserved 425984K
}
Event: 10.541 GC heap after
{Heap after GC invocations=2 (full 0):
 garbage-first heap   total 120832K, used 11097K [0x0000000080000000, 0x0000000100000000)
  region size 1024K, 5 young (5120K), 5 survivors (5120K)
 Metaspace       used 4362K, committed 4544K, reserved 491520K
  class space    used 547K, committed 640K, reserved 425984K
}
Event: 15.738 GC heap before
{Heap before GC invocations=2 (full 0):
 garbage-first heap   total 120832K, used 50009K [0x0000000080000000, 0x0000000100000000)
  region size 1024K, 42 young (43008K), 5 survivors (5120K)
 Metaspace       used 4447K, committed 4608K, reserved 491520K
  class space    used 548K, committed 640K, reserved 425984K
}
Event: 15.959 GC heap after
{Heap after GC invocations=3 (full 0):
 garbage-first heap   total 120832K, used 14168K [0x0000000080000000, 0x0000000100000000)
  region size 1024K, 2 young (2048K), 2 survivors (2048K)
 Metaspace       used 4447K, committed 4608K, reserved 491520K
  class space    used 548K, committed 640K, reserved 425984K
}
Event: 39.435 GC heap before
{Heap before GC invocations=3 (full 0):
 garbage-first heap   total 120832K, used 84824K [0x0000000080000000, 0x0000000100000000)
  region size 1024K, 70 young (71680K), 2 survivors (2048K)
 Metaspace       used 15147K, committed 15424K, reserved 491520K
  class space    used 2075K, committed 2240K, reserved 425984K
}
Event: 39.907 GC heap after
{Heap after GC invocations=4 (full 0):
 garbage-first heap   total 120832K, used 21281K [0x0000000080000000, 0x0000000100000000)
  region size 1024K, 9 young (9216K), 9 survivors (9216K)
 Metaspace       used 15147K, committed 15424K, reserved 491520K
  class space    used 2075K, committed 2240K, reserved 425984K
}
Event: 45.887 GC heap before
{Heap before GC invocations=4 (full 0):
 garbage-first heap   total 120832K, used 46881K [0x0000000080000000, 0x0000000100000000)
  region size 1024K, 34 young (34816K), 9 survivors (9216K)
 Metaspace       used 18419K, committed 18752K, reserved 491520K
  class space    used 2648K, committed 2816K, reserved 425984K
}
Event: 45.894 GC heap after
{Heap after GC invocations=5 (full 0):
 garbage-first heap   total 120832K, used 22926K [0x0000000080000000, 0x0000000100000000)
  region size 1024K, 2 young (2048K), 2 survivors (2048K)
 Metaspace       used 18419K, committed 18752K, reserved 491520K
  class space    used 2648K, committed 2816K, reserved 425984K
}
Event: 48.820 GC heap before
{Heap before GC invocations=5 (full 0):
 garbage-first heap   total 120832K, used 47502K [0x0000000080000000, 0x0000000100000000)
  region size 1024K, 27 young (27648K), 2 survivors (2048K)
 Metaspace       used 21171K, committed 21504K, reserved 491520K
  class space    used 3087K, committed 3264K, reserved 425984K
}
Event: 48.826 GC heap after
{Heap after GC invocations=6 (full 0):
 garbage-first heap   total 120832K, used 24204K [0x0000000080000000, 0x0000000100000000)
  region size 1024K, 4 young (4096K), 4 survivors (4096K)
 Metaspace       used 21171K, committed 21504K, reserved 491520K
  class space    used 3087K, committed 3264K, reserved 425984K
}
Event: 52.289 GC heap before
{Heap before GC invocations=7 (full 0):
 garbage-first heap   total 89088K, used 72332K [0x0000000080000000, 0x0000000100000000)
  region size 1024K, 52 young (53248K), 4 survivors (4096K)
 Metaspace       used 27226K, committed 27648K, reserved 491520K
  class space    used 3973K, committed 4160K, reserved 425984K
}
Event: 52.296 GC heap after
{Heap after GC invocations=8 (full 0):
 garbage-first heap   total 107520K, used 27660K [0x0000000080000000, 0x0000000100000000)
  region size 1024K, 7 young (7168K), 7 survivors (7168K)
 Metaspace       used 27226K, committed 27648K, reserved 491520K
  class space    used 3973K, committed 4160K, reserved 425984K
}
Event: 54.505 GC heap before
{Heap before GC invocations=8 (full 0):
 garbage-first heap   total 107520K, used 79884K [0x0000000080000000, 0x0000000100000000)
  region size 1024K, 59 young (60416K), 7 survivors (7168K)
 Metaspace       used 33888K, committed 34304K, reserved 491520K
  class space    used 4749K, committed 4928K, reserved 425984K
}
Event: 54.513 GC heap after
{Heap after GC invocations=9 (full 0):
 garbage-first heap   total 107520K, used 32822K [0x0000000080000000, 0x0000000100000000)
  region size 1024K, 8 young (8192K), 8 survivors (8192K)
 Metaspace       used 33888K, committed 34304K, reserved 491520K
  class space    used 4749K, committed 4928K, reserved 425984K
}
Event: 54.921 GC heap before
{Heap before GC invocations=9 (full 0):
 garbage-first heap   total 107520K, used 50230K [0x0000000080000000, 0x0000000100000000)
  region size 1024K, 22 young (22528K), 8 survivors (8192K)
 Metaspace       used 35555K, committed 35968K, reserved 491520K
  class space    used 4893K, committed 5120K, reserved 425984K
}
Event: 54.927 GC heap after
{Heap after GC invocations=10 (full 0):
 garbage-first heap   total 107520K, used 34386K [0x0000000080000000, 0x0000000100000000)
  region size 1024K, 2 young (2048K), 2 survivors (2048K)
 Metaspace       used 35555K, committed 35968K, reserved 491520K
  class space    used 4893K, committed 5120K, reserved 425984K
}

