# JRE version: Java(TM) SE Runtime Environment (17.0.12+8) (build 17.0.12+8-LTS-286)
# Java VM: Java HotSpot(TM) 64-Bit Server VM (17.0.12+8-LTS-286, mixed mode, sharing, tiered, compressed oops, compressed class ptrs, g1 gc, windows-amd64)
GC Precious Log:
 CPUs: 12 total, 12 available
 Memory: 7520M
 Large Page Support: Disabled
 NUMA Support: Disabled
 Compressed Oops: Enabled (32-bit)
 Heap Region Size: 1M
 Heap Min Capacity: 8M
 Heap Initial Capacity: 118M
 Heap Max Capacity: 2G
 Pre-touch: Disabled
 Parallel Workers: 10
 Concurrent Workers: 3
 Concurrent Refinement Workers: 10
 Periodic GC: Disabled
Heap:
 garbage-first heap   total 89088K, used 47348K [0x0000000080000000, 0x0000000100000000)
  region size 1024K, 11 young (11264K), 5 survivors (5120K)
 Metaspace       used 49361K, committed 49984K, reserved 491520K
  class space    used 6889K, committed 7168K, reserved 425984K
GC Heap History (20 events):
Event: 8.584 GC heap before
{Heap before GC invocations=3 (full 0):
 garbage-first heap   total 120832K, used 81659K [0x0000000080000000, 0x0000000100000000)
  region size 1024K, 69 young (70656K), 5 survivors (5120K)
 Metaspace       used 16306K, committed 16640K, reserved 491520K
  class space    used 2279K, committed 2432K, reserved 425984K
}
Event: 8.601 GC heap after
{Heap after GC invocations=4 (full 0):
 garbage-first heap   total 120832K, used 21188K [0x0000000080000000, 0x0000000100000000)
  region size 1024K, 9 young (9216K), 9 survivors (9216K)
 Metaspace       used 16306K, committed 16640K, reserved 491520K
  class space    used 2279K, committed 2432K, reserved 425984K
}
Event: 11.751 GC heap before
{Heap before GC invocations=4 (full 0):
 garbage-first heap   total 120832K, used 63172K [0x0000000080000000, 0x0000000100000000)
  region size 1024K, 51 young (52224K), 9 survivors (9216K)
 Metaspace       used 21147K, committed 21504K, reserved 491520K
  class space    used 3084K, committed 3264K, reserved 425984K
}
Event: 11.760 GC heap after
{Heap after GC invocations=5 (full 0):
 garbage-first heap   total 120832K, used 24365K [0x0000000080000000, 0x0000000100000000)
  region size 1024K, 4 young (4096K), 4 survivors (4096K)
 Metaspace       used 21147K, committed 21504K, reserved 491520K
  class space    used 3084K, committed 3264K, reserved 425984K
}
Event: 14.663 GC heap before
{Heap before GC invocations=6 (full 0):
 garbage-first heap   total 89088K, used 72493K [0x0000000080000000, 0x0000000100000000)
  region size 1024K, 52 young (53248K), 4 survivors (4096K)
 Metaspace       used 27289K, committed 27712K, reserved 491520K
  class space    used 3988K, committed 4160K, reserved 425984K
}
Event: 14.669 GC heap after
{Heap after GC invocations=7 (full 0):
 garbage-first heap   total 89088K, used 27671K [0x0000000080000000, 0x0000000100000000)
  region size 1024K, 7 young (7168K), 7 survivors (7168K)
 Metaspace       used 27289K, committed 27712K, reserved 491520K
  class space    used 3988K, committed 4160K, reserved 425984K
}
Event: 16.480 GC heap before
{Heap before GC invocations=7 (full 0):
 garbage-first heap   total 89088K, used 64535K [0x0000000080000000, 0x0000000100000000)
  region size 1024K, 44 young (45056K), 7 survivors (7168K)
 Metaspace       used 33786K, committed 34240K, reserved 491520K
  class space    used 4743K, committed 4928K, reserved 425984K
}
Event: 16.492 GC heap after
{Heap after GC invocations=8 (full 0):
 garbage-first heap   total 89088K, used 31819K [0x0000000080000000, 0x0000000100000000)
  region size 1024K, 5 young (5120K), 5 survivors (5120K)
 Metaspace       used 33786K, committed 34240K, reserved 491520K
  class space    used 4743K, committed 4928K, reserved 425984K
}
Event: 17.373 GC heap before
{Heap before GC invocations=8 (full 0):
 garbage-first heap   total 89088K, used 63563K [0x0000000080000000, 0x0000000100000000)
  region size 1024K, 33 young (33792K), 5 survivors (5120K)
 Metaspace       used 35539K, committed 35968K, reserved 491520K
  class space    used 4895K, committed 5120K, reserved 425984K
}
Event: 17.378 GC heap after
{Heap after GC invocations=9 (full 0):
 garbage-first heap   total 89088K, used 33496K [0x0000000080000000, 0x0000000100000000)
  region size 1024K, 3 young (3072K), 3 survivors (3072K)
 Metaspace       used 35539K, committed 35968K, reserved 491520K
  class space    used 4895K, committed 5120K, reserved 425984K
}
Event: 19.243 GC heap before
{Heap before GC invocations=10 (full 0):
 garbage-first heap   total 89088K, used 67288K [0x0000000080000000, 0x0000000100000000)
  region size 1024K, 36 young (36864K), 3 survivors (3072K)
 Metaspace       used 38607K, committed 39104K, reserved 491520K
  class space    used 5341K, committed 5568K, reserved 425984K
}
Event: 19.248 GC heap after
{Heap after GC invocations=11 (full 0):
 garbage-first heap   total 89088K, used 36700K [0x0000000080000000, 0x0000000100000000)
  region size 1024K, 5 young (5120K), 5 survivors (5120K)
 Metaspace       used 38607K, committed 39104K, reserved 491520K
  class space    used 5341K, committed 5568K, reserved 425984K
}
Event: 20.162 GC heap before
{Heap before GC invocations=11 (full 0):
 garbage-first heap   total 89088K, used 69468K [0x0000000080000000, 0x0000000100000000)
  region size 1024K, 36 young (36864K), 5 survivors (5120K)
 Metaspace       used 41470K, committed 42048K, reserved 491520K
  class space    used 5662K, committed 5952K, reserved 425984K
}
Event: 20.168 GC heap after
{Heap after GC invocations=12 (full 0):
 garbage-first heap   total 89088K, used 37988K [0x0000000080000000, 0x0000000100000000)
  region size 1024K, 2 young (2048K), 2 survivors (2048K)
 Metaspace       used 41470K, committed 42048K, reserved 491520K
  class space    used 5662K, committed 5952K, reserved 425984K
}
Event: 21.591 GC heap before
{Heap before GC invocations=12 (full 0):
 garbage-first heap   total 89088K, used 69732K [0x0000000080000000, 0x0000000100000000)
  region size 1024K, 33 young (33792K), 2 survivors (2048K)
 Metaspace       used 43037K, committed 43648K, reserved 491520K
  class space    used 5908K, committed 6208K, reserved 425984K
}
Event: 21.594 GC heap after
{Heap after GC invocations=13 (full 0):
 garbage-first heap   total 89088K, used 39289K [0x0000000080000000, 0x0000000100000000)
  region size 1024K, 3 young (3072K), 3 survivors (3072K)
 Metaspace       used 43037K, committed 43648K, reserved 491520K
  class space    used 5908K, committed 6208K, reserved 425984K
}
Event: 23.134 GC heap before
{Heap before GC invocations=13 (full 0):
 garbage-first heap   total 89088K, used 70009K [0x0000000080000000, 0x0000000100000000)
  region size 1024K, 33 young (33792K), 3 survivors (3072K)
 Metaspace       used 45957K, committed 46528K, reserved 491520K
  class space    used 6366K, committed 6656K, reserved 425984K
}
Event: 23.137 GC heap after
{Heap after GC invocations=14 (full 0):
 garbage-first heap   total 89088K, used 40165K [0x0000000080000000, 0x0000000100000000)
  region size 1024K, 4 young (4096K), 4 survivors (4096K)
 Metaspace       used 45957K, committed 46528K, reserved 491520K
  class space    used 6366K, committed 6656K, reserved 425984K
}
Event: 27.296 GC heap before
{Heap before GC invocations=14 (full 0):
 garbage-first heap   total 89088K, used 70885K [0x0000000080000000, 0x0000000100000000)
  region size 1024K, 34 young (34816K), 4 survivors (4096K)
 Metaspace       used 48767K, committed 49408K, reserved 491520K
  class space    used 6807K, committed 7104K, reserved 425984K
}
Event: 27.301 GC heap after
{Heap after GC invocations=15 (full 0):
 garbage-first heap   total 89088K, used 42228K [0x0000000080000000, 0x0000000100000000)
  region size 1024K, 5 young (5120K), 5 survivors (5120K)
 Metaspace       used 48767K, committed 49408K, reserved 491520K
  class space    used 6807K, committed 7104K, reserved 425984K
}

